
**** Build of configuration Debug for project CCS SWBP ****

"C:\\ti\\ccs1040\\ccs\\utils\\bin\\gmake" -k -j 4 all -O 
 
Building file: "../main.c"
Invoking: MSP430 Compiler
"C:/ti/ccs1040/ccs/tools/compiler/ti-cgt-msp430_20.2.5.LTS/bin/cl430" -vmspx --data_model=restricted --use_hw_mpy=F5 --include_path="C:/ti/ccs1040/ccs/ccs_base/msp430/include" --include_path="C:/Users/User/Documents/UCF/Summer 2021/SD1/SD Repo/SmartWaterBottleProject/CCS SWBP" --include_path="C:/ti/ccs1040/ccs/tools/compiler/ti-cgt-msp430_20.2.5.LTS/include" --advice:power=all --advice:hw_config=all --define=__MSP430FR6989__ --define=_MPU_ENABLE -g --printf_support=minimal --diag_warning=225 --diag_wrap=off --display_error_number --silicon_errata=CPU21 --silicon_errata=CPU22 --silicon_errata=CPU40 --preproc_with_compile --preproc_dependency="main.d_raw"  "../main.c"
"..\Sanitize.c", line 11: remark #1532-D: (ULP 5.3) Detected printf() operation(s). Recommend moving them to RAM during run time or not using as these are processing/power intensive
Finished building: "../main.c"
 
Building target: "CCS SWBP.out"
Invoking: MSP430 Linker
"C:/ti/ccs1040/ccs/tools/compiler/ti-cgt-msp430_20.2.5.LTS/bin/cl430" -vmspx --data_model=restricted --use_hw_mpy=F5 --advice:power=all --advice:hw_config=all --define=__MSP430FR6989__ --define=_MPU_ENABLE -g --printf_support=minimal --diag_warning=225 --diag_wrap=off --display_error_number --silicon_errata=CPU21 --silicon_errata=CPU22 --silicon_errata=CPU40 -z -m"CCS SWBP.map" --heap_size=160 --stack_size=160 --cinit_hold_wdt=on -i"C:/ti/ccs1040/ccs/ccs_base/msp430/include" -i"C:/ti/ccs1040/ccs/ccs_base/msp430/lib/5xx_6xx_FRxx" -i"C:/ti/ccs1040/ccs/ccs_base/msp430/lib/FR59xx" -i"C:/ti/ccs1040/ccs/tools/compiler/ti-cgt-msp430_20.2.5.LTS/lib" -i"C:/ti/ccs1040/ccs/tools/compiler/ti-cgt-msp430_20.2.5.LTS/include" --priority --reread_libs --define=_MPU_ENABLE --diag_wrap=off --display_error_number --warn_sections --xml_link_info="CCS SWBP_linkInfo.xml" --use_hw_mpy=F5 --rom_model -o "CCS SWBP.out" "./Sanitize.obj" "./main.obj" "./driverlib/MSP430FR5xx_6xx/adc12_b.obj" "./driverlib/MSP430FR5xx_6xx/aes256.obj" "./driverlib/MSP430FR5xx_6xx/comp_e.obj" "./driverlib/MSP430FR5xx_6xx/crc.obj" "./driverlib/MSP430FR5xx_6xx/crc32.obj" "./driverlib/MSP430FR5xx_6xx/cs.obj" "./driverlib/MSP430FR5xx_6xx/dma.obj" "./driverlib/MSP430FR5xx_6xx/esi.obj" "./driverlib/MSP430FR5xx_6xx/eusci_a_spi.obj" "./driverlib/MSP430FR5xx_6xx/eusci_a_uart.obj" "./driverlib/MSP430FR5xx_6xx/eusci_b_i2c.obj" "./driverlib/MSP430FR5xx_6xx/eusci_b_spi.obj" "./driverlib/MSP430FR5xx_6xx/framctl.obj" "./driverlib/MSP430FR5xx_6xx/gpio.obj" "./driverlib/MSP430FR5xx_6xx/lcd_c.obj" "./driverlib/MSP430FR5xx_6xx/mpu.obj" "./driverlib/MSP430FR5xx_6xx/mpy32.obj" "./driverlib/MSP430FR5xx_6xx/pmm.obj" "./driverlib/MSP430FR5xx_6xx/ram.obj" "./driverlib/MSP430FR5xx_6xx/ref_a.obj" "./driverlib/MSP430FR5xx_6xx/rtc_b.obj" "./driverlib/MSP430FR5xx_6xx/rtc_c.obj" "./driverlib/MSP430FR5xx_6xx/sfr.obj" "./driverlib/MSP430FR5xx_6xx/sysctl.obj" "./driverlib/MSP430FR5xx_6xx/timer_a.obj" "./driverlib/MSP430FR5xx_6xx/timer_b.obj" "./driverlib/MSP430FR5xx_6xx/tlv.obj" "./driverlib/MSP430FR5xx_6xx/wdt_a.obj" "../lnk_msp430fr6989.cmd"  -llibmpu_init.a -llibmath.a -llibc.a 
<Linking>
warning #10420-D: For FRAM devices, at start up, the GPIO power-on default high-impedance mode needs to be disabled to activate previously configured port settings. This can be done by clearing the LOCKLPM5 bit in PM5CTL0 register.
error #10056: symbol "print" redefined: first defined in "./Sanitize.obj"; redefined in "./main.obj"
remark #10372-D: (ULP 4.1) Detected uninitialized Port A in this project. Recommend initializing all unused ports to eliminate wasted current consumption on unused pins.
error #10010: errors encountered during linking; "CCS SWBP.out" not built
remark #10372-D: (ULP 4.1) Detected uninitialized Port B in this project. Recommend initializing all unused ports to eliminate wasted current consumption on unused pins.
remark #10372-D: (ULP 4.1) Detected uninitialized Port C in this project. Recommend initializing all unused ports to eliminate wasted current consumption on unused pins.
remark #10372-D: (ULP 4.1) Detected uninitialized Port D in this project. Recommend initializing all unused ports to eliminate wasted current consumption on unused pins.
remark #10372-D: (ULP 4.1) Detected uninitialized Port E in this project. Recommend initializing all unused ports to eliminate wasted current consumption on unused pins.
 
>> Compilation failure
makefile:174: recipe for target 'CCS SWBP.out' failed
gmake[1]: *** [CCS SWBP.out] Error 1
makefile:170: recipe for target 'all' failed
gmake: *** [all] Error 2

**** Build Finished ****
