
**** Build of configuration Debug for project CCS SWBP ****

"C:\\ti\\ccs1040\\ccs\\utils\\bin\\gmake" -k -j 4 all -O 
 
Building file: "../main.c"
Invoking: MSP430 Compiler
"C:/ti/ccs1040/ccs/tools/compiler/ti-cgt-msp430_20.2.5.LTS/bin/cl430" -vmspx --data_model=restricted --use_hw_mpy=F5 --include_path="C:/ti/ccs1040/ccs/ccs_base/msp430/include" --include_path="C:/Users/User/Documents/UCF/Summer 2021/SD1/SD Repo/SmartWaterBottleProject/CCS SWBP" --include_path="C:/ti/ccs1040/ccs/tools/compiler/ti-cgt-msp430_20.2.5.LTS/include" --advice:power=all --advice:hw_config=all --define=__MSP430FR6989__ --define=_MPU_ENABLE -g --printf_support=minimal --diag_warning=225 --diag_wrap=off --display_error_number --silicon_errata=CPU21 --silicon_errata=CPU22 --silicon_errata=CPU40 --preproc_with_compile --preproc_dependency="main.d_raw"  "../main.c"
"../main.c", line 33: warning #112-D: statement is unreachable
Finished building: "../main.c"
 
Building target: "CCS SWBP.out"
Invoking: MSP430 Linker
"C:/ti/ccs1040/ccs/tools/compiler/ti-cgt-msp430_20.2.5.LTS/bin/cl430" -vmspx --data_model=restricted --use_hw_mpy=F5 --advice:power=all --advice:hw_config=all --define=__MSP430FR6989__ --define=_MPU_ENABLE -g --printf_support=minimal --diag_warning=225 --diag_wrap=off --display_error_number --silicon_errata=CPU21 --silicon_errata=CPU22 --silicon_errata=CPU40 -z -m"CCS SWBP.map" --heap_size=160 --stack_size=160 --cinit_hold_wdt=on -i"C:/ti/ccs1040/ccs/ccs_base/msp430/include" -i"C:/ti/ccs1040/ccs/ccs_base/msp430/lib/5xx_6xx_FRxx" -i"C:/ti/ccs1040/ccs/ccs_base/msp430/lib/FR59xx" -i"C:/ti/ccs1040/ccs/tools/compiler/ti-cgt-msp430_20.2.5.LTS/lib" -i"C:/ti/ccs1040/ccs/tools/compiler/ti-cgt-msp430_20.2.5.LTS/include" --priority --reread_libs --define=_MPU_ENABLE --diag_wrap=off --display_error_number --warn_sections --xml_link_info="CCS SWBP_linkInfo.xml" --use_hw_mpy=F5 --rom_model -o "CCS SWBP.out" "./main.obj" "../lnk_msp430fr6989.cmd"  -llibmpu_init.a -llibmath.a -llibc.a 
<Linking>
remark #10371-D: (ULP 1.1) Detected no uses of low power mode state changing instructions
remark #10372-D: (ULP 4.1) Detected uninitialized Port A in this project. Recommend initializing all unused ports to eliminate wasted current consumption on unused pins.
remark #10372-D: (ULP 4.1) Detected uninitialized Port B in this project. Recommend initializing all unused ports to eliminate wasted current consumption on unused pins.
remark #10372-D: (ULP 4.1) Detected uninitialized Port C in this project. Recommend initializing all unused ports to eliminate wasted current consumption on unused pins.
remark #10372-D: (ULP 4.1) Detected uninitialized Port D in this project. Recommend initializing all unused ports to eliminate wasted current consumption on unused pins.
remark #10372-D: (ULP 4.1) Detected uninitialized Port E in this project. Recommend initializing all unused ports to eliminate wasted current consumption on unused pins.
Finished building target: "CCS SWBP.out"
 

**** Build Finished ****

**** Build of configuration Debug for project CCS SWBP ****

"C:\\ti\\ccs1040\\ccs\\utils\\bin\\gmake" -k -j 4 all -O 
 
Building file: "../main.c"
Invoking: MSP430 Compiler
"C:/ti/ccs1040/ccs/tools/compiler/ti-cgt-msp430_20.2.5.LTS/bin/cl430" -vmspx --data_model=restricted --use_hw_mpy=F5 --include_path="C:/ti/ccs1040/ccs/ccs_base/msp430/include" --include_path="C:/Users/User/Documents/UCF/Summer 2021/SD1/SD Repo/SmartWaterBottleProject/CCS SWBP" --include_path="C:/ti/ccs1040/ccs/tools/compiler/ti-cgt-msp430_20.2.5.LTS/include" --advice:power=all --advice:hw_config=all --define=__MSP430FR6989__ --define=_MPU_ENABLE -g --printf_support=minimal --diag_warning=225 --diag_wrap=off --display_error_number --silicon_errata=CPU21 --silicon_errata=CPU22 --silicon_errata=CPU40 --preproc_with_compile --preproc_dependency="main.d_raw"  "../main.c"
"../main.c", line 26: warning #225-D: function "_low_power_mode" declared implicitly
Finished building: "../main.c"
 
Building target: "CCS SWBP.out"
Invoking: MSP430 Linker
"C:/ti/ccs1040/ccs/tools/compiler/ti-cgt-msp430_20.2.5.LTS/bin/cl430" -vmspx --data_model=restricted --use_hw_mpy=F5 --advice:power=all --advice:hw_config=all --define=__MSP430FR6989__ --define=_MPU_ENABLE -g --printf_support=minimal --diag_warning=225 --diag_wrap=off --display_error_number --silicon_errata=CPU21 --silicon_errata=CPU22 --silicon_errata=CPU40 -z -m"CCS SWBP.map" --heap_size=160 --stack_size=160 --cinit_hold_wdt=on -i"C:/ti/ccs1040/ccs/ccs_base/msp430/include" -i"C:/ti/ccs1040/ccs/ccs_base/msp430/lib/5xx_6xx_FRxx" -i"C:/ti/ccs1040/ccs/ccs_base/msp430/lib/FR59xx" -i"C:/ti/ccs1040/ccs/tools/compiler/ti-cgt-msp430_20.2.5.LTS/lib" -i"C:/ti/ccs1040/ccs/tools/compiler/ti-cgt-msp430_20.2.5.LTS/include" --priority --reread_libs --define=_MPU_ENABLE --diag_wrap=off --display_error_number --warn_sections --xml_link_info="CCS SWBP_linkInfo.xml" --use_hw_mpy=F5 --rom_model -o "CCS SWBP.out" "./main.obj" "../lnk_msp430fr6989.cmd"  -llibmpu_init.a -llibmath.a -llibc.a 
<Linking>
 
remark #10371-D: (ULP 1.1) Detected no uses of low power mode state changing instructions
 undefined       first referenced
remark #10372-D: (ULP 4.1) Detected uninitialized Port A in this project. Recommend initializing all unused ports to eliminate wasted current consumption on unused pins.
remark #10372-D: (ULP 4.1) Detected uninitialized Port B in this project. Recommend initializing all unused ports to eliminate wasted current consumption on unused pins.
remark #10372-D: (ULP 4.1) Detected uninitialized Port C in this project. Recommend initializing all unused ports to eliminate wasted current consumption on unused pins.
remark #10372-D: (ULP 4.1) Detected uninitialized Port D in this project. Recommend initializing all unused ports to eliminate wasted current consumption on unused pins.
remark #10372-D: (ULP 4.1) Detected uninitialized Port E in this project. Recommend initializing all unused ports to eliminate wasted current consumption on unused pins.
 
>> Compilation failure
makefile:143: recipe for target 'CCS SWBP.out' failed
  symbol             in file     
 ---------       ----------------
 _low_power_mode ./main.obj      
 
error #10234-D: unresolved symbols remain
error #10010: errors encountered during linking; "CCS SWBP.out" not built
gmake[1]: *** [CCS SWBP.out] Error 1
gmake: *** [all] Error 2
makefile:139: recipe for target 'all' failed

**** Build Finished ****

**** Build of configuration Debug for project CCS SWBP ****

"C:\\ti\\ccs1040\\ccs\\utils\\bin\\gmake" -k -j 4 all -O 
 
Building file: "../main.c"
Invoking: MSP430 Compiler
"C:/ti/ccs1040/ccs/tools/compiler/ti-cgt-msp430_20.2.5.LTS/bin/cl430" -vmspx --data_model=restricted --use_hw_mpy=F5 --include_path="C:/ti/ccs1040/ccs/ccs_base/msp430/include" --include_path="C:/Users/User/Documents/UCF/Summer 2021/SD1/SD Repo/SmartWaterBottleProject/CCS SWBP" --include_path="C:/ti/ccs1040/ccs/tools/compiler/ti-cgt-msp430_20.2.5.LTS/include" --advice:power=all --advice:hw_config=all --define=__MSP430FR6989__ --define=_MPU_ENABLE -g --printf_support=minimal --diag_warning=225 --diag_wrap=off --display_error_number --silicon_errata=CPU21 --silicon_errata=CPU22 --silicon_errata=CPU40 --preproc_with_compile --preproc_dependency="main.d_raw"  "../main.c"
Finished building: "../main.c"
 
Building target: "CCS SWBP.out"
Invoking: MSP430 Linker
"C:/ti/ccs1040/ccs/tools/compiler/ti-cgt-msp430_20.2.5.LTS/bin/cl430" -vmspx --data_model=restricted --use_hw_mpy=F5 --advice:power=all --advice:hw_config=all --define=__MSP430FR6989__ --define=_MPU_ENABLE -g --printf_support=minimal --diag_warning=225 --diag_wrap=off --display_error_number --silicon_errata=CPU21 --silicon_errata=CPU22 --silicon_errata=CPU40 -z -m"CCS SWBP.map" --heap_size=160 --stack_size=160 --cinit_hold_wdt=on -i"C:/ti/ccs1040/ccs/ccs_base/msp430/include" -i"C:/ti/ccs1040/ccs/ccs_base/msp430/lib/5xx_6xx_FRxx" -i"C:/ti/ccs1040/ccs/ccs_base/msp430/lib/FR59xx" -i"C:/ti/ccs1040/ccs/tools/compiler/ti-cgt-msp430_20.2.5.LTS/lib" -i"C:/ti/ccs1040/ccs/tools/compiler/ti-cgt-msp430_20.2.5.LTS/include" --priority --reread_libs --define=_MPU_ENABLE --diag_wrap=off --display_error_number --warn_sections --xml_link_info="CCS SWBP_linkInfo.xml" --use_hw_mpy=F5 --rom_model -o "CCS SWBP.out" "./main.obj" "../lnk_msp430fr6989.cmd"  -llibmpu_init.a -llibmath.a -llibc.a 
<Linking>
remark #10372-D: (ULP 4.1) Detected uninitialized Port A in this project. Recommend initializing all unused ports to eliminate wasted current consumption on unused pins.
remark #10372-D: (ULP 4.1) Detected uninitialized Port B in this project. Recommend initializing all unused ports to eliminate wasted current consumption on unused pins.
remark #10372-D: (ULP 4.1) Detected uninitialized Port C in this project. Recommend initializing all unused ports to eliminate wasted current consumption on unused pins.
remark #10372-D: (ULP 4.1) Detected uninitialized Port D in this project. Recommend initializing all unused ports to eliminate wasted current consumption on unused pins.
remark #10372-D: (ULP 4.1) Detected uninitialized Port E in this project. Recommend initializing all unused ports to eliminate wasted current consumption on unused pins.
Finished building target: "CCS SWBP.out"
 

**** Build Finished ****

**** Build of configuration Debug for project CCS SWBP ****

"C:\\ti\\ccs1040\\ccs\\utils\\bin\\gmake" -k -j 4 all -O 
 
Building file: "../main.c"
Invoking: MSP430 Compiler
"C:/ti/ccs1040/ccs/tools/compiler/ti-cgt-msp430_20.2.5.LTS/bin/cl430" -vmspx --data_model=restricted --use_hw_mpy=F5 --include_path="C:/ti/ccs1040/ccs/ccs_base/msp430/include" --include_path="C:/Users/User/Documents/UCF/Summer 2021/SD1/SD Repo/SmartWaterBottleProject/CCS SWBP" --include_path="C:/ti/ccs1040/ccs/tools/compiler/ti-cgt-msp430_20.2.5.LTS/include" --advice:power=all --advice:hw_config=all --define=__MSP430FR6989__ --define=_MPU_ENABLE -g --printf_support=minimal --diag_warning=225 --diag_wrap=off --display_error_number --silicon_errata=CPU21 --silicon_errata=CPU22 --silicon_errata=CPU40 --preproc_with_compile --preproc_dependency="main.d_raw"  "../main.c"
 
>> Compilation failure
subdir_rules.mk:9: recipe for target 'main.obj' failed
"../main.c", line 45: error #18: expected a ")"
"../main.c", line 45: error #66: expected a ";"
"../main.c", line 45: warning #176-D: expression has no effect
"../main.c", line 45: error #66: expected a ";"
"../main.c", line 49: error #171: expected a declaration
4 errors detected in the compilation of "../main.c".
gmake: *** [main.obj] Error 1
gmake: Target 'all' not remade because of errors.

**** Build Finished ****

**** Build of configuration Debug for project CCS SWBP ****

"C:\\ti\\ccs1040\\ccs\\utils\\bin\\gmake" -k -j 4 all -O 
 
Building file: "../main.c"
Invoking: MSP430 Compiler
"C:/ti/ccs1040/ccs/tools/compiler/ti-cgt-msp430_20.2.5.LTS/bin/cl430" -vmspx --data_model=restricted --use_hw_mpy=F5 --include_path="C:/ti/ccs1040/ccs/ccs_base/msp430/include" --include_path="C:/Users/User/Documents/UCF/Summer 2021/SD1/SD Repo/SmartWaterBottleProject/CCS SWBP" --include_path="C:/ti/ccs1040/ccs/tools/compiler/ti-cgt-msp430_20.2.5.LTS/include" --advice:power=all --advice:hw_config=all --define=__MSP430FR6989__ --define=_MPU_ENABLE -g --printf_support=minimal --diag_warning=225 --diag_wrap=off --display_error_number --silicon_errata=CPU21 --silicon_errata=CPU22 --silicon_errata=CPU40 --preproc_with_compile --preproc_dependency="main.d_raw"  "../main.c"
Finished building: "../main.c"
 
Building target: "CCS SWBP.out"
Invoking: MSP430 Linker
"C:/ti/ccs1040/ccs/tools/compiler/ti-cgt-msp430_20.2.5.LTS/bin/cl430" -vmspx --data_model=restricted --use_hw_mpy=F5 --advice:power=all --advice:hw_config=all --define=__MSP430FR6989__ --define=_MPU_ENABLE -g --printf_support=minimal --diag_warning=225 --diag_wrap=off --display_error_number --silicon_errata=CPU21 --silicon_errata=CPU22 --silicon_errata=CPU40 -z -m"CCS SWBP.map" --heap_size=160 --stack_size=160 --cinit_hold_wdt=on -i"C:/ti/ccs1040/ccs/ccs_base/msp430/include" -i"C:/ti/ccs1040/ccs/ccs_base/msp430/lib/5xx_6xx_FRxx" -i"C:/ti/ccs1040/ccs/ccs_base/msp430/lib/FR59xx" -i"C:/ti/ccs1040/ccs/tools/compiler/ti-cgt-msp430_20.2.5.LTS/lib" -i"C:/ti/ccs1040/ccs/tools/compiler/ti-cgt-msp430_20.2.5.LTS/include" --priority --reread_libs --define=_MPU_ENABLE --diag_wrap=off --display_error_number --warn_sections --xml_link_info="CCS SWBP_linkInfo.xml" --use_hw_mpy=F5 --rom_model -o "CCS SWBP.out" "./main.obj" "../lnk_msp430fr6989.cmd"  -llibmpu_init.a -llibmath.a -llibc.a 
<Linking>
remark #10372-D: (ULP 4.1) Detected uninitialized Port A in this project. Recommend initializing all unused ports to eliminate wasted current consumption on unused pins.
remark #10372-D: (ULP 4.1) Detected uninitialized Port B in this project. Recommend initializing all unused ports to eliminate wasted current consumption on unused pins.
remark #10372-D: (ULP 4.1) Detected uninitialized Port C in this project. Recommend initializing all unused ports to eliminate wasted current consumption on unused pins.
remark #10372-D: (ULP 4.1) Detected uninitialized Port D in this project. Recommend initializing all unused ports to eliminate wasted current consumption on unused pins.
remark #10372-D: (ULP 4.1) Detected uninitialized Port E in this project. Recommend initializing all unused ports to eliminate wasted current consumption on unused pins.
Finished building target: "CCS SWBP.out"
 

**** Build Finished ****

**** Build of configuration Debug for project CCS SWBP ****

"C:\\ti\\ccs1040\\ccs\\utils\\bin\\gmake" -k -j 4 all -O 
 
Building file: "../main.c"
Invoking: MSP430 Compiler
"C:/ti/ccs1040/ccs/tools/compiler/ti-cgt-msp430_20.2.5.LTS/bin/cl430" -vmspx --data_model=restricted --use_hw_mpy=F5 --include_path="C:/ti/ccs1040/ccs/ccs_base/msp430/include" --include_path="C:/Users/User/Documents/UCF/Summer 2021/SD1/SD Repo/SmartWaterBottleProject/CCS SWBP" --include_path="C:/ti/ccs1040/ccs/tools/compiler/ti-cgt-msp430_20.2.5.LTS/include" --advice:power=all --advice:hw_config=all --define=__MSP430FR6989__ --define=_MPU_ENABLE -g --printf_support=minimal --diag_warning=225 --diag_wrap=off --display_error_number --silicon_errata=CPU21 --silicon_errata=CPU22 --silicon_errata=CPU40 --preproc_with_compile --preproc_dependency="main.d_raw"  "../main.c"
Finished building: "../main.c"
 
Building target: "CCS SWBP.out"
Invoking: MSP430 Linker
"C:/ti/ccs1040/ccs/tools/compiler/ti-cgt-msp430_20.2.5.LTS/bin/cl430" -vmspx --data_model=restricted --use_hw_mpy=F5 --advice:power=all --advice:hw_config=all --define=__MSP430FR6989__ --define=_MPU_ENABLE -g --printf_support=minimal --diag_warning=225 --diag_wrap=off --display_error_number --silicon_errata=CPU21 --silicon_errata=CPU22 --silicon_errata=CPU40 -z -m"CCS SWBP.map" --heap_size=160 --stack_size=160 --cinit_hold_wdt=on -i"C:/ti/ccs1040/ccs/ccs_base/msp430/include" -i"C:/ti/ccs1040/ccs/ccs_base/msp430/lib/5xx_6xx_FRxx" -i"C:/ti/ccs1040/ccs/ccs_base/msp430/lib/FR59xx" -i"C:/ti/ccs1040/ccs/tools/compiler/ti-cgt-msp430_20.2.5.LTS/lib" -i"C:/ti/ccs1040/ccs/tools/compiler/ti-cgt-msp430_20.2.5.LTS/include" --priority --reread_libs --define=_MPU_ENABLE --diag_wrap=off --display_error_number --warn_sections --xml_link_info="CCS SWBP_linkInfo.xml" --use_hw_mpy=F5 --rom_model -o "CCS SWBP.out" "./main.obj" "../lnk_msp430fr6989.cmd"  -llibmpu_init.a -llibmath.a -llibc.a 
<Linking>
remark #10372-D: (ULP 4.1) Detected uninitialized Port A in this project. Recommend initializing all unused ports to eliminate wasted current consumption on unused pins.
remark #10372-D: (ULP 4.1) Detected uninitialized Port B in this project. Recommend initializing all unused ports to eliminate wasted current consumption on unused pins.
remark #10372-D: (ULP 4.1) Detected uninitialized Port C in this project. Recommend initializing all unused ports to eliminate wasted current consumption on unused pins.
remark #10372-D: (ULP 4.1) Detected uninitialized Port D in this project. Recommend initializing all unused ports to eliminate wasted current consumption on unused pins.
remark #10372-D: (ULP 4.1) Detected uninitialized Port E in this project. Recommend initializing all unused ports to eliminate wasted current consumption on unused pins.
Finished building target: "CCS SWBP.out"
 

**** Build Finished ****

**** Clean-only build of configuration Debug for project PWM Servomotor Demo ****

"C:\\ti\\ccs1040\\ccs\\utils\\bin\\gmake" -k -j 4 clean -O 
 
DEL /F  "PWM Servomotor Demo.hex"  "PWM Servomotor Demo.out" 
DEL /F "main.obj" "driverlib\MSP430FR5xx_6xx\adc12_b.obj" "driverlib\MSP430FR5xx_6xx\aes256.obj" "driverlib\MSP430FR5xx_6xx\comp_e.obj" "driverlib\MSP430FR5xx_6xx\crc.obj" "driverlib\MSP430FR5xx_6xx\crc32.obj" "driverlib\MSP430FR5xx_6xx\cs.obj" "driverlib\MSP430FR5xx_6xx\dma.obj" "driverlib\MSP430FR5xx_6xx\esi.obj" "driverlib\MSP430FR5xx_6xx\eusci_a_spi.obj" "driverlib\MSP430FR5xx_6xx\eusci_a_uart.obj" "driverlib\MSP430FR5xx_6xx\eusci_b_i2c.obj" "driverlib\MSP430FR5xx_6xx\eusci_b_spi.obj" "driverlib\MSP430FR5xx_6xx\framctl.obj" "driverlib\MSP430FR5xx_6xx\gpio.obj" "driverlib\MSP430FR5xx_6xx\lcd_c.obj" "driverlib\MSP430FR5xx_6xx\mpu.obj" "driverlib\MSP430FR5xx_6xx\mpy32.obj" "driverlib\MSP430FR5xx_6xx\pmm.obj" "driverlib\MSP430FR5xx_6xx\ram.obj" "driverlib\MSP430FR5xx_6xx\ref_a.obj" "driverlib\MSP430FR5xx_6xx\rtc_b.obj" "driverlib\MSP430FR5xx_6xx\rtc_c.obj" "driverlib\MSP430FR5xx_6xx\sfr.obj" "driverlib\MSP430FR5xx_6xx\sysctl.obj" "driverlib\MSP430FR5xx_6xx\timer_a.obj" "driverlib\MSP430FR5xx_6xx\timer_b.obj" 
DEL /F "driverlib\MSP430FR5xx_6xx\tlv.obj" "driverlib\MSP430FR5xx_6xx\wdt_a.obj" 
DEL /F "main.d" "driverlib\MSP430FR5xx_6xx\adc12_b.d" "driverlib\MSP430FR5xx_6xx\aes256.d" "driverlib\MSP430FR5xx_6xx\comp_e.d" "driverlib\MSP430FR5xx_6xx\crc.d" "driverlib\MSP430FR5xx_6xx\crc32.d" "driverlib\MSP430FR5xx_6xx\cs.d" "driverlib\MSP430FR5xx_6xx\dma.d" "driverlib\MSP430FR5xx_6xx\esi.d" "driverlib\MSP430FR5xx_6xx\eusci_a_spi.d" "driverlib\MSP430FR5xx_6xx\eusci_a_uart.d" "driverlib\MSP430FR5xx_6xx\eusci_b_i2c.d" "driverlib\MSP430FR5xx_6xx\eusci_b_spi.d" "driverlib\MSP430FR5xx_6xx\framctl.d" "driverlib\MSP430FR5xx_6xx\gpio.d" "driverlib\MSP430FR5xx_6xx\lcd_c.d" "driverlib\MSP430FR5xx_6xx\mpu.d" "driverlib\MSP430FR5xx_6xx\mpy32.d" "driverlib\MSP430FR5xx_6xx\pmm.d" "driverlib\MSP430FR5xx_6xx\ram.d" "driverlib\MSP430FR5xx_6xx\ref_a.d" "driverlib\MSP430FR5xx_6xx\rtc_b.d" "driverlib\MSP430FR5xx_6xx\rtc_c.d" "driverlib\MSP430FR5xx_6xx\sfr.d" "driverlib\MSP430FR5xx_6xx\sysctl.d" "driverlib\MSP430FR5xx_6xx\timer_a.d" "driverlib\MSP430FR5xx_6xx\timer_b.d" "driverlib\MSP430FR5xx_6xx\tlv.d" "driverlib\MSP430FR5xx_6xx\wdt_a.d" 
Could Not Find C:\Users\User\Documents\UCF\Summer 2021\SD1\SD Repo\SmartWaterBottleProject\PWM Servomotor Demo\Debug\PWM Servomotor Demo.hex
Could Not Find C:\Users\User\Documents\UCF\Summer 2021\SD1\SD Repo\SmartWaterBottleProject\PWM Servomotor Demo\Debug\driverlib\MSP430FR5xx_6xx\adc12_b.obj
Could Not Find C:\Users\User\Documents\UCF\Summer 2021\SD1\SD Repo\SmartWaterBottleProject\PWM Servomotor Demo\Debug\driverlib\MSP430FR5xx_6xx\tlv.obj
Could Not Find C:\Users\User\Documents\UCF\Summer 2021\SD1\SD Repo\SmartWaterBottleProject\PWM Servomotor Demo\Debug\driverlib\MSP430FR5xx_6xx\adc12_b.d
Finished clean
 

**** Build Finished ****

**** Build of configuration Debug for project PWM Servomotor Demo ****

"C:\\ti\\ccs1040\\ccs\\utils\\bin\\gmake" -k -j 4 all -O 
 
Building file: "../main.c"
Invoking: MSP430 Compiler
"C:/ti/ccs1040/ccs/tools/compiler/ti-cgt-msp430_20.2.5.LTS/bin/cl430" -vmspx --data_model=restricted --use_hw_mpy=F5 --include_path="C:/ti/ccs1040/ccs/ccs_base/msp430/include" --include_path="C:/Users/User/Documents/UCF/Summer 2021/SD1/SD Repo/SmartWaterBottleProject/PWM Servomotor Demo" --include_path="C:/ti/ccs1040/ccs/tools/compiler/ti-cgt-msp430_20.2.5.LTS/include" --advice:power=all --advice:hw_config=all --define=__MSP430FR6989__ --define=_MPU_ENABLE -g --printf_support=minimal --diag_warning=225 --diag_wrap=off --display_error_number --silicon_errata=CPU21 --silicon_errata=CPU22 --silicon_errata=CPU40 --preproc_with_compile --preproc_dependency="main.d_raw"  "../main.c"
 
>> Compilation failure
subdir_rules.mk:9: recipe for target 'main.obj' failed
"../main.c", line 14: fatal error #1965: cannot open source file "driverlib.h"
1 catastrophic error detected in the compilation of "../main.c".
Compilation terminated.
gmake: *** [main.obj] Error 1
Building file: "../driverlib/MSP430FR5xx_6xx/comp_e.c"
Invoking: MSP430 Compiler
"C:/ti/ccs1040/ccs/tools/compiler/ti-cgt-msp430_20.2.5.LTS/bin/cl430" -vmspx --data_model=restricted --use_hw_mpy=F5 --include_path="C:/ti/ccs1040/ccs/ccs_base/msp430/include" --include_path="C:/Users/User/Documents/UCF/Summer 2021/SD1/SD Repo/SmartWaterBottleProject/PWM Servomotor Demo" --include_path="C:/ti/ccs1040/ccs/tools/compiler/ti-cgt-msp430_20.2.5.LTS/include" --advice:power=all --advice:hw_config=all --define=__MSP430FR6989__ --define=_MPU_ENABLE -g --printf_support=minimal --diag_warning=225 --diag_wrap=off --display_error_number --silicon_errata=CPU21 --silicon_errata=CPU22 --silicon_errata=CPU40 --preproc_with_compile --preproc_dependency="driverlib/MSP430FR5xx_6xx/comp_e.d_raw" --obj_directory="driverlib/MSP430FR5xx_6xx"  "../driverlib/MSP430FR5xx_6xx/comp_e.c"
"../driverlib/MSP430FR5xx_6xx/comp_e.c", line 103: remark #1535-D: (ULP 8.1) variable "retVal" is used as a constant. Recommend declaring variable as either 'static const' or 'const'
Finished building: "../driverlib/MSP430FR5xx_6xx/comp_e.c"
 
Building file: "../driverlib/MSP430FR5xx_6xx/adc12_b.c"
Invoking: MSP430 Compiler
"C:/ti/ccs1040/ccs/tools/compiler/ti-cgt-msp430_20.2.5.LTS/bin/cl430" -vmspx --data_model=restricted --use_hw_mpy=F5 --include_path="C:/ti/ccs1040/ccs/ccs_base/msp430/include" --include_path="C:/Users/User/Documents/UCF/Summer 2021/SD1/SD Repo/SmartWaterBottleProject/PWM Servomotor Demo" --include_path="C:/ti/ccs1040/ccs/tools/compiler/ti-cgt-msp430_20.2.5.LTS/include" --advice:power=all --advice:hw_config=all --define=__MSP430FR6989__ --define=_MPU_ENABLE -g --printf_support=minimal --diag_warning=225 --diag_wrap=off --display_error_number --silicon_errata=CPU21 --silicon_errata=CPU22 --silicon_errata=CPU40 --preproc_with_compile --preproc_dependency="driverlib/MSP430FR5xx_6xx/adc12_b.d_raw" --obj_directory="driverlib/MSP430FR5xx_6xx"  "../driverlib/MSP430FR5xx_6xx/adc12_b.c"
"../driverlib/MSP430FR5xx_6xx/adc12_b.c", line 59: remark #1535-D: (ULP 8.1) variable "retVal" is used as a constant. Recommend declaring variable as either 'static const' or 'const'
"../driverlib/MSP430FR5xx_6xx/adc12_b.c", line 228: remark #1527-D: (ULP 2.1) Detected SW delay loop using empty loop. Recommend using a timer module instead
Finished building: "../driverlib/MSP430FR5xx_6xx/adc12_b.c"
 
Building file: "../driverlib/MSP430FR5xx_6xx/aes256.c"
Invoking: MSP430 Compiler
"C:/ti/ccs1040/ccs/tools/compiler/ti-cgt-msp430_20.2.5.LTS/bin/cl430" -vmspx --data_model=restricted --use_hw_mpy=F5 --include_path="C:/ti/ccs1040/ccs/ccs_base/msp430/include" --include_path="C:/Users/User/Documents/UCF/Summer 2021/SD1/SD Repo/SmartWaterBottleProject/PWM Servomotor Demo" --include_path="C:/ti/ccs1040/ccs/tools/compiler/ti-cgt-msp430_20.2.5.LTS/include" --advice:power=all --advice:hw_config=all --define=__MSP430FR6989__ --define=_MPU_ENABLE -g --printf_support=minimal --diag_warning=225 --diag_wrap=off --display_error_number --silicon_errata=CPU21 --silicon_errata=CPU22 --silicon_errata=CPU40 --preproc_with_compile --preproc_dependency="driverlib/MSP430FR5xx_6xx/aes256.d_raw" --obj_directory="driverlib/MSP430FR5xx_6xx"  "../driverlib/MSP430FR5xx_6xx/aes256.c"
"../driverlib/MSP430FR5xx_6xx/aes256.c", line 80: remark #1530-D: (ULP 5.1) Detected divide operation(s). Recommend moving them to RAM during run time or not using as these are processing/power intensive
"../driverlib/MSP430FR5xx_6xx/aes256.c", line 85: remark #2553-D: (ULP 14.1) Array index (involving "i") of type "int". Recommend using "unsigned int"
"../driverlib/MSP430FR5xx_6xx/aes256.c", line 90: remark #1527-D: (ULP 2.1) Detected SW delay loop using empty loop. Recommend using a timer module instead
"../driverlib/MSP430FR5xx_6xx/aes256.c", line 121: remark #1528-D: (ULP 3.1) Detected flag polling using AESBUSY. Recommend using an interrupt combined with enter LPMx and ISR
"../driverlib/MSP430FR5xx_6xx/aes256.c", line 112: remark #2553-D: (ULP 14.1) Array index (involving "i") of type "int". Recommend using "unsigned int"
"../driverlib/MSP430FR5xx_6xx/aes256.c", line 159: remark #1528-D: (ULP 3.1) Detected flag polling using AESBUSY. Recommend using an interrupt combined with enter LPMx and ISR
"../driverlib/MSP430FR5xx_6xx/aes256.c", line 149: remark #2553-D: (ULP 14.1) Array index (involving "i") of type "int". Recommend using "unsigned int"
"../driverlib/MSP430FR5xx_6xx/aes256.c", line 213: remark #1528-D: (ULP 3.1) Detected flag polling using AESBUSY. Recommend using an interrupt combined with enter LPMx and ISR
"../driverlib/MSP430FR5xx_6xx/aes256.c", line 202: remark #1530-D: (ULP 5.1) Detected divide operation(s). Recommend moving them to RAM during run time or not using as these are processing/power intensive
"../driverlib/MSP430FR5xx_6xx/aes256.c", line 208: remark #2553-D: (ULP 14.1) Array index (involving "i") of type "int". Recommend using "unsigned int"
"../driverlib/MSP430FR5xx_6xx/aes256.c", line 259: remark #2553-D: (ULP 14.1) Array index (involving "i") of type "int". Recommend using "unsigned int"
"../driverlib/MSP430FR5xx_6xx/aes256.c", line 280: remark #2553-D: (ULP 14.1) Array index (involving "i") of type "int". Recommend using "unsigned int"
"../driverlib/MSP430FR5xx_6xx/aes256.c", line 318: remark #1530-D: (ULP 5.1) Detected divide operation(s). Recommend moving them to RAM during run time or not using as these are processing/power intensive
"../driverlib/MSP430FR5xx_6xx/aes256.c", line 324: remark #2553-D: (ULP 14.1) Array index (involving "i") of type "int". Recommend using "unsigned int"
Finished building: "../driverlib/MSP430FR5xx_6xx/aes256.c"
 
Building file: "../driverlib/MSP430FR5xx_6xx/crc.c"
Invoking: MSP430 Compiler
"C:/ti/ccs1040/ccs/tools/compiler/ti-cgt-msp430_20.2.5.LTS/bin/cl430" -vmspx --data_model=restricted --use_hw_mpy=F5 --include_path="C:/ti/ccs1040/ccs/ccs_base/msp430/include" --include_path="C:/Users/User/Documents/UCF/Summer 2021/SD1/SD Repo/SmartWaterBottleProject/PWM Servomotor Demo" --include_path="C:/ti/ccs1040/ccs/tools/compiler/ti-cgt-msp430_20.2.5.LTS/include" --advice:power=all --advice:hw_config=all --define=__MSP430FR6989__ --define=_MPU_ENABLE -g --printf_support=minimal --diag_warning=225 --diag_wrap=off --display_error_number --silicon_errata=CPU21 --silicon_errata=CPU22 --silicon_errata=CPU40 --preproc_with_compile --preproc_dependency="driverlib/MSP430FR5xx_6xx/crc.d_raw" --obj_directory="driverlib/MSP430FR5xx_6xx"  "../driverlib/MSP430FR5xx_6xx/crc.c"
Finished building: "../driverlib/MSP430FR5xx_6xx/crc.c"
 
Building file: "../driverlib/MSP430FR5xx_6xx/crc32.c"
Invoking: MSP430 Compiler
"C:/ti/ccs1040/ccs/tools/compiler/ti-cgt-msp430_20.2.5.LTS/bin/cl430" -vmspx --data_model=restricted --use_hw_mpy=F5 --include_path="C:/ti/ccs1040/ccs/ccs_base/msp430/include" --include_path="C:/Users/User/Documents/UCF/Summer 2021/SD1/SD Repo/SmartWaterBottleProject/PWM Servomotor Demo" --include_path="C:/ti/ccs1040/ccs/tools/compiler/ti-cgt-msp430_20.2.5.LTS/include" --advice:power=all --advice:hw_config=all --define=__MSP430FR6989__ --define=_MPU_ENABLE -g --printf_support=minimal --diag_warning=225 --diag_wrap=off --display_error_number --silicon_errata=CPU21 --silicon_errata=CPU22 --silicon_errata=CPU40 --preproc_with_compile --preproc_dependency="driverlib/MSP430FR5xx_6xx/crc32.d_raw" --obj_directory="driverlib/MSP430FR5xx_6xx"  "../driverlib/MSP430FR5xx_6xx/crc32.c"
Finished building: "../driverlib/MSP430FR5xx_6xx/crc32.c"
 
Building file: "../driverlib/MSP430FR5xx_6xx/dma.c"
Invoking: MSP430 Compiler
"C:/ti/ccs1040/ccs/tools/compiler/ti-cgt-msp430_20.2.5.LTS/bin/cl430" -vmspx --data_model=restricted --use_hw_mpy=F5 --include_path="C:/ti/ccs1040/ccs/ccs_base/msp430/include" --include_path="C:/Users/User/Documents/UCF/Summer 2021/SD1/SD Repo/SmartWaterBottleProject/PWM Servomotor Demo" --include_path="C:/ti/ccs1040/ccs/tools/compiler/ti-cgt-msp430_20.2.5.LTS/include" --advice:power=all --advice:hw_config=all --define=__MSP430FR6989__ --define=_MPU_ENABLE -g --printf_support=minimal --diag_warning=225 --diag_wrap=off --display_error_number --silicon_errata=CPU21 --silicon_errata=CPU22 --silicon_errata=CPU40 --preproc_with_compile --preproc_dependency="driverlib/MSP430FR5xx_6xx/dma.d_raw" --obj_directory="driverlib/MSP430FR5xx_6xx"  "../driverlib/MSP430FR5xx_6xx/dma.c"
Finished building: "../driverlib/MSP430FR5xx_6xx/dma.c"
 
Building file: "../driverlib/MSP430FR5xx_6xx/cs.c"
Invoking: MSP430 Compiler
"C:/ti/ccs1040/ccs/tools/compiler/ti-cgt-msp430_20.2.5.LTS/bin/cl430" -vmspx --data_model=restricted --use_hw_mpy=F5 --include_path="C:/ti/ccs1040/ccs/ccs_base/msp430/include" --include_path="C:/Users/User/Documents/UCF/Summer 2021/SD1/SD Repo/SmartWaterBottleProject/PWM Servomotor Demo" --include_path="C:/ti/ccs1040/ccs/tools/compiler/ti-cgt-msp430_20.2.5.LTS/include" --advice:power=all --advice:hw_config=all --define=__MSP430FR6989__ --define=_MPU_ENABLE -g --printf_support=minimal --diag_warning=225 --diag_wrap=off --display_error_number --silicon_errata=CPU21 --silicon_errata=CPU22 --silicon_errata=CPU40 --preproc_with_compile --preproc_dependency="driverlib/MSP430FR5xx_6xx/cs.d_raw" --obj_directory="driverlib/MSP430FR5xx_6xx"  "../driverlib/MSP430FR5xx_6xx/cs.c"
"../driverlib/MSP430FR5xx_6xx/cs.c", line 121: remark #1530-D: (ULP 5.1) Detected divide operation(s). Recommend moving them to RAM during run time or not using as these are processing/power intensive
"../driverlib/MSP430FR5xx_6xx/cs.c", line 124: remark #1530-D: (ULP 5.1) Detected divide operation(s). Recommend moving them to RAM during run time or not using as these are processing/power intensive
"../driverlib/MSP430FR5xx_6xx/cs.c", line 127: remark #1530-D: (ULP 5.1) Detected divide operation(s). Recommend moving them to RAM during run time or not using as these are processing/power intensive
"../driverlib/MSP430FR5xx_6xx/cs.c", line 130: remark #1530-D: (ULP 5.1) Detected divide operation(s). Recommend moving them to RAM during run time or not using as these are processing/power intensive
"../driverlib/MSP430FR5xx_6xx/cs.c", line 133: remark #1530-D: (ULP 5.1) Detected divide operation(s). Recommend moving them to RAM during run time or not using as these are processing/power intensive
"../driverlib/MSP430FR5xx_6xx/cs.c", line 136: remark #1530-D: (ULP 5.1) Detected divide operation(s). Recommend moving them to RAM during run time or not using as these are processing/power intensive
"../driverlib/MSP430FR5xx_6xx/cs.c", line 140: remark #1530-D: (ULP 5.1) Detected divide operation(s). Recommend moving them to RAM during run time or not using as these are processing/power intensive
"../driverlib/MSP430FR5xx_6xx/cs.c", line 152: remark #1530-D: (ULP 5.1) Detected divide operation(s). Recommend moving them to RAM during run time or not using as these are processing/power intensive
"../driverlib/MSP430FR5xx_6xx/cs.c", line 155: remark #1530-D: (ULP 5.1) Detected divide operation(s). Recommend moving them to RAM during run time or not using as these are processing/power intensive
"../driverlib/MSP430FR5xx_6xx/cs.c", line 158: remark #1530-D: (ULP 5.1) Detected divide operation(s). Recommend moving them to RAM during run time or not using as these are processing/power intensive
"../driverlib/MSP430FR5xx_6xx/cs.c", line 161: remark #1530-D: (ULP 5.1) Detected divide operation(s). Recommend moving them to RAM during run time or not using as these are processing/power intensive
"../driverlib/MSP430FR5xx_6xx/cs.c", line 164: remark #1530-D: (ULP 5.1) Detected divide operation(s). Recommend moving them to RAM during run time or not using as these are processing/power intensive
"../driverlib/MSP430FR5xx_6xx/cs.c", line 167: remark #1530-D: (ULP 5.1) Detected divide operation(s). Recommend moving them to RAM during run time or not using as these are processing/power intensive
"../driverlib/MSP430FR5xx_6xx/cs.c", line 171: remark #1530-D: (ULP 5.1) Detected divide operation(s). Recommend moving them to RAM during run time or not using as these are processing/power intensive
"../driverlib/MSP430FR5xx_6xx/cs.c", line 190: remark #1544-D: (ULP 13.1) Detected loop counting up. Recommend loops count down as detecting zeros is easier
"../driverlib/MSP430FR5xx_6xx/cs.c", line 203: remark #1530-D: (ULP 5.1) Detected divide operation(s). Recommend moving them to RAM during run time or not using as these are processing/power intensive
"../driverlib/MSP430FR5xx_6xx/cs.c", line 223: remark #1530-D: (ULP 5.1) Detected divide operation(s). Recommend moving them to RAM during run time or not using as these are processing/power intensive
"../driverlib/MSP430FR5xx_6xx/cs.c", line 228: remark #1530-D: (ULP 5.1) Detected divide operation(s). Recommend moving them to RAM during run time or not using as these are processing/power intensive
"../driverlib/MSP430FR5xx_6xx/cs.c", line 240: remark #1530-D: (ULP 5.1) Detected divide operation(s). Recommend moving them to RAM during run time or not using as these are processing/power intensive
"../driverlib/MSP430FR5xx_6xx/cs.c", line 246: remark #1530-D: (ULP 5.1) Detected divide operation(s). Recommend moving them to RAM during run time or not using as these are processing/power intensive
Finished building: "../driverlib/MSP430FR5xx_6xx/cs.c"
 
Building file: "../driverlib/MSP430FR5xx_6xx/esi.c"
Invoking: MSP430 Compiler
"C:/ti/ccs1040/ccs/tools/compiler/ti-cgt-msp430_20.2.5.LTS/bin/cl430" -vmspx --data_model=restricted --use_hw_mpy=F5 --include_path="C:/ti/ccs1040/ccs/ccs_base/msp430/include" --include_path="C:/Users/User/Documents/UCF/Summer 2021/SD1/SD Repo/SmartWaterBottleProject/PWM Servomotor Demo" --include_path="C:/ti/ccs1040/ccs/tools/compiler/ti-cgt-msp430_20.2.5.LTS/include" --advice:power=all --advice:hw_config=all --define=__MSP430FR6989__ --define=_MPU_ENABLE -g --printf_support=minimal --diag_warning=225 --diag_wrap=off --display_error_number --silicon_errata=CPU21 --silicon_errata=CPU22 --silicon_errata=CPU40 --preproc_with_compile --preproc_dependency="driverlib/MSP430FR5xx_6xx/esi.d_raw" --obj_directory="driverlib/MSP430FR5xx_6xx"  "../driverlib/MSP430FR5xx_6xx/esi.c"
"../driverlib/MSP430FR5xx_6xx/esi.c", line 292: remark #1544-D: (ULP 13.1) Detected loop counting up. Recommend loops count down as detecting zeros is easier
"../driverlib/MSP430FR5xx_6xx/esi.c", line 317: remark #1530-D: (ULP 5.1) Detected divide operation(s). Recommend moving them to RAM during run time or not using as these are processing/power intensive
"../driverlib/MSP430FR5xx_6xx/esi.c", line 420: remark #1544-D: (ULP 13.1) Detected loop counting up. Recommend loops count down as detecting zeros is easier
"../driverlib/MSP430FR5xx_6xx/esi.c", line 704: remark #1527-D: (ULP 2.1) Detected SW delay loop using empty loop. Recommend using a timer module instead
"../driverlib/MSP430FR5xx_6xx/esi.c", line 811: remark #1530-D: (ULP 5.1) Detected divide operation(s). Recommend moving them to RAM during run time or not using as these are processing/power intensive
"../driverlib/MSP430FR5xx_6xx/esi.c", line 1197: remark #1544-D: (ULP 13.1) Detected loop counting up. Recommend loops count down as detecting zeros is easier
"../driverlib/MSP430FR5xx_6xx/esi.c", line 1213: remark #1544-D: (ULP 13.1) Detected loop counting up. Recommend loops count down as detecting zeros is easier
"../driverlib/MSP430FR5xx_6xx/esi.c", line 1287: remark #1544-D: (ULP 13.1) Detected loop counting up. Recommend loops count down as detecting zeros is easier
"../driverlib/MSP430FR5xx_6xx/esi.c", line 1323: remark #1544-D: (ULP 13.1) Detected loop counting up. Recommend loops count down as detecting zeros is easier
"../driverlib/MSP430FR5xx_6xx/esi.c", line 1343: remark #1544-D: (ULP 13.1) Detected loop counting up. Recommend loops count down as detecting zeros is easier
"../driverlib/MSP430FR5xx_6xx/esi.c", line 1378: remark #1544-D: (ULP 13.1) Detected loop counting up. Recommend loops count down as detecting zeros is easier
"../driverlib/MSP430FR5xx_6xx/esi.c", line 1424: remark #1544-D: (ULP 13.1) Detected loop counting up. Recommend loops count down as detecting zeros is easier
Finished building: "../driverlib/MSP430FR5xx_6xx/esi.c"
 
Building file: "../driverlib/MSP430FR5xx_6xx/eusci_a_spi.c"
Invoking: MSP430 Compiler
"C:/ti/ccs1040/ccs/tools/compiler/ti-cgt-msp430_20.2.5.LTS/bin/cl430" -vmspx --data_model=restricted --use_hw_mpy=F5 --include_path="C:/ti/ccs1040/ccs/ccs_base/msp430/include" --include_path="C:/Users/User/Documents/UCF/Summer 2021/SD1/SD Repo/SmartWaterBottleProject/PWM Servomotor Demo" --include_path="C:/ti/ccs1040/ccs/tools/compiler/ti-cgt-msp430_20.2.5.LTS/include" --advice:power=all --advice:hw_config=all --define=__MSP430FR6989__ --define=_MPU_ENABLE -g --printf_support=minimal --diag_warning=225 --diag_wrap=off --display_error_number --silicon_errata=CPU21 --silicon_errata=CPU22 --silicon_errata=CPU40 --preproc_with_compile --preproc_dependency="driverlib/MSP430FR5xx_6xx/eusci_a_spi.d_raw" --obj_directory="driverlib/MSP430FR5xx_6xx"  "../driverlib/MSP430FR5xx_6xx/eusci_a_spi.c"
"../driverlib/MSP430FR5xx_6xx/eusci_a_spi.c", line 70: remark #1530-D: (ULP 5.1) Detected divide operation(s). Recommend moving them to RAM during run time or not using as these are processing/power intensive
"../driverlib/MSP430FR5xx_6xx/eusci_a_spi.c", line 105: remark #1530-D: (ULP 5.1) Detected divide operation(s). Recommend moving them to RAM during run time or not using as these are processing/power intensive
Finished building: "../driverlib/MSP430FR5xx_6xx/eusci_a_spi.c"
 
Building file: "../driverlib/MSP430FR5xx_6xx/eusci_a_uart.c"
Invoking: MSP430 Compiler
"C:/ti/ccs1040/ccs/tools/compiler/ti-cgt-msp430_20.2.5.LTS/bin/cl430" -vmspx --data_model=restricted --use_hw_mpy=F5 --include_path="C:/ti/ccs1040/ccs/ccs_base/msp430/include" --include_path="C:/Users/User/Documents/UCF/Summer 2021/SD1/SD Repo/SmartWaterBottleProject/PWM Servomotor Demo" --include_path="C:/ti/ccs1040/ccs/tools/compiler/ti-cgt-msp430_20.2.5.LTS/include" --advice:power=all --advice:hw_config=all --define=__MSP430FR6989__ --define=_MPU_ENABLE -g --printf_support=minimal --diag_warning=225 --diag_wrap=off --display_error_number --silicon_errata=CPU21 --silicon_errata=CPU22 --silicon_errata=CPU40 --preproc_with_compile --preproc_dependency="driverlib/MSP430FR5xx_6xx/eusci_a_uart.d_raw" --obj_directory="driverlib/MSP430FR5xx_6xx"  "../driverlib/MSP430FR5xx_6xx/eusci_a_uart.c"
"../driverlib/MSP430FR5xx_6xx/eusci_a_uart.c", line 56: remark #1535-D: (ULP 8.1) variable "retVal" is used as a constant. Recommend declaring variable as either 'static const' or 'const'
"../driverlib/MSP430FR5xx_6xx/eusci_a_uart.c", line 122: remark #1528-D: (ULP 3.1) Detected flag polling using UCTXIFG. Recommend using an interrupt combined with enter LPMx and ISR
"../driverlib/MSP430FR5xx_6xx/eusci_a_uart.c", line 137: remark #1528-D: (ULP 3.1) Detected flag polling using UCRXIFG. Recommend using an interrupt combined with enter LPMx and ISR
"../driverlib/MSP430FR5xx_6xx/eusci_a_uart.c", line 252: remark #1528-D: (ULP 3.1) Detected flag polling using UCTXIFG. Recommend using an interrupt combined with enter LPMx and ISR
Finished building: "../driverlib/MSP430FR5xx_6xx/eusci_a_uart.c"
 
Building file: "../driverlib/MSP430FR5xx_6xx/eusci_b_spi.c"
Invoking: MSP430 Compiler
"C:/ti/ccs1040/ccs/tools/compiler/ti-cgt-msp430_20.2.5.LTS/bin/cl430" -vmspx --data_model=restricted --use_hw_mpy=F5 --include_path="C:/ti/ccs1040/ccs/ccs_base/msp430/include" --include_path="C:/Users/User/Documents/UCF/Summer 2021/SD1/SD Repo/SmartWaterBottleProject/PWM Servomotor Demo" --include_path="C:/ti/ccs1040/ccs/tools/compiler/ti-cgt-msp430_20.2.5.LTS/include" --advice:power=all --advice:hw_config=all --define=__MSP430FR6989__ --define=_MPU_ENABLE -g --printf_support=minimal --diag_warning=225 --diag_wrap=off --display_error_number --silicon_errata=CPU21 --silicon_errata=CPU22 --silicon_errata=CPU40 --preproc_with_compile --preproc_dependency="driverlib/MSP430FR5xx_6xx/eusci_b_spi.d_raw" --obj_directory="driverlib/MSP430FR5xx_6xx"  "../driverlib/MSP430FR5xx_6xx/eusci_b_spi.c"
"../driverlib/MSP430FR5xx_6xx/eusci_b_spi.c", line 70: remark #1530-D: (ULP 5.1) Detected divide operation(s). Recommend moving them to RAM during run time or not using as these are processing/power intensive
"../driverlib/MSP430FR5xx_6xx/eusci_b_spi.c", line 103: remark #1530-D: (ULP 5.1) Detected divide operation(s). Recommend moving them to RAM during run time or not using as these are processing/power intensive
Finished building: "../driverlib/MSP430FR5xx_6xx/eusci_b_spi.c"
 
Building file: "../driverlib/MSP430FR5xx_6xx/framctl.c"
Invoking: MSP430 Compiler
"C:/ti/ccs1040/ccs/tools/compiler/ti-cgt-msp430_20.2.5.LTS/bin/cl430" -vmspx --data_model=restricted --use_hw_mpy=F5 --include_path="C:/ti/ccs1040/ccs/ccs_base/msp430/include" --include_path="C:/Users/User/Documents/UCF/Summer 2021/SD1/SD Repo/SmartWaterBottleProject/PWM Servomotor Demo" --include_path="C:/ti/ccs1040/ccs/tools/compiler/ti-cgt-msp430_20.2.5.LTS/include" --advice:power=all --advice:hw_config=all --define=__MSP430FR6989__ --define=_MPU_ENABLE -g --printf_support=minimal --diag_warning=225 --diag_wrap=off --display_error_number --silicon_errata=CPU21 --silicon_errata=CPU22 --silicon_errata=CPU40 --preproc_with_compile --preproc_dependency="driverlib/MSP430FR5xx_6xx/framctl.d_raw" --obj_directory="driverlib/MSP430FR5xx_6xx"  "../driverlib/MSP430FR5xx_6xx/framctl.c"
Finished building: "../driverlib/MSP430FR5xx_6xx/framctl.c"
 
Building file: "../driverlib/MSP430FR5xx_6xx/eusci_b_i2c.c"
Invoking: MSP430 Compiler
"C:/ti/ccs1040/ccs/tools/compiler/ti-cgt-msp430_20.2.5.LTS/bin/cl430" -vmspx --data_model=restricted --use_hw_mpy=F5 --include_path="C:/ti/ccs1040/ccs/ccs_base/msp430/include" --include_path="C:/Users/User/Documents/UCF/Summer 2021/SD1/SD Repo/SmartWaterBottleProject/PWM Servomotor Demo" --include_path="C:/ti/ccs1040/ccs/tools/compiler/ti-cgt-msp430_20.2.5.LTS/include" --advice:power=all --advice:hw_config=all --define=__MSP430FR6989__ --define=_MPU_ENABLE -g --printf_support=minimal --diag_warning=225 --diag_wrap=off --display_error_number --silicon_errata=CPU21 --silicon_errata=CPU22 --silicon_errata=CPU40 --preproc_with_compile --preproc_dependency="driverlib/MSP430FR5xx_6xx/eusci_b_i2c.d_raw" --obj_directory="driverlib/MSP430FR5xx_6xx"  "../driverlib/MSP430FR5xx_6xx/eusci_b_i2c.c"
"../driverlib/MSP430FR5xx_6xx/eusci_b_i2c.c", line 85: remark #1530-D: (ULP 5.1) Detected divide operation(s). Recommend moving them to RAM during run time or not using as these are processing/power intensive
"../driverlib/MSP430FR5xx_6xx/eusci_b_i2c.c", line 208: remark #1528-D: (ULP 3.1) Detected flag polling using UCTXIFG. Recommend using an interrupt combined with enter LPMx and ISR
"../driverlib/MSP430FR5xx_6xx/eusci_b_i2c.c", line 217: remark #1528-D: (ULP 3.1) Detected flag polling using UCTXIFG. Recommend using an interrupt combined with enter LPMx and ISR
"../driverlib/MSP430FR5xx_6xx/eusci_b_i2c.c", line 241: remark #1528-D: (ULP 3.1) Detected flag polling using UCRXIFG. Recommend using an interrupt combined with enter LPMx and ISR
"../driverlib/MSP430FR5xx_6xx/eusci_b_i2c.c", line 267: remark #1528-D: (ULP 3.1) Detected flag polling using UCTXIFG. Recommend using an interrupt combined with enter LPMx and ISR
"../driverlib/MSP430FR5xx_6xx/eusci_b_i2c.c", line 282: remark #1528-D: (ULP 3.1) Detected flag polling using UCTXIFG. Recommend using an interrupt combined with enter LPMx and ISR
"../driverlib/MSP430FR5xx_6xx/eusci_b_i2c.c", line 318: remark #1528-D: (ULP 3.1) Detected flag polling using UCTXIFG. Recommend using an interrupt combined with enter LPMx and ISR
"../driverlib/MSP430FR5xx_6xx/eusci_b_i2c.c", line 344: remark #1528-D: (ULP 3.1) Detected flag polling using UCTXIFG. Recommend using an interrupt combined with enter LPMx and ISR
"../driverlib/MSP430FR5xx_6xx/eusci_b_i2c.c", line 371: remark #1528-D: (ULP 3.1) Detected flag polling using UCTXIFG. Recommend using an interrupt combined with enter LPMx and ISR
"../driverlib/MSP430FR5xx_6xx/eusci_b_i2c.c", line 389: remark #1528-D: (ULP 3.1) Detected flag polling using UCTXIFG. Recommend using an interrupt combined with enter LPMx and ISR
"../driverlib/MSP430FR5xx_6xx/eusci_b_i2c.c", line 414: remark #1528-D: (ULP 3.1) Detected flag polling using UCTXIFG. Recommend using an interrupt combined with enter LPMx and ISR
"../driverlib/MSP430FR5xx_6xx/eusci_b_i2c.c", line 424: remark #1528-D: (ULP 3.1) Detected flag polling using UCTXIFG. Recommend using an interrupt combined with enter LPMx and ISR
"../driverlib/MSP430FR5xx_6xx/eusci_b_i2c.c", line 443: remark #1528-D: (ULP 3.1) Detected flag polling using UCTXIFG. Recommend using an interrupt combined with enter LPMx and ISR
"../driverlib/MSP430FR5xx_6xx/eusci_b_i2c.c", line 459: remark #1528-D: (ULP 3.1) Detected flag polling using UCTXIFG. Recommend using an interrupt combined with enter LPMx and ISR
"../driverlib/MSP430FR5xx_6xx/eusci_b_i2c.c", line 487: remark #1528-D: (ULP 3.1) Detected flag polling using UCTXIFG. Recommend using an interrupt combined with enter LPMx and ISR
"../driverlib/MSP430FR5xx_6xx/eusci_b_i2c.c", line 504: remark #1528-D: (ULP 3.1) Detected flag polling using UCTXIFG. Recommend using an interrupt combined with enter LPMx and ISR
"../driverlib/MSP430FR5xx_6xx/eusci_b_i2c.c", line 544: remark #1528-D: (ULP 3.1) Detected flag polling using UCRXIFG. Recommend using an interrupt combined with enter LPMx and ISR
"../driverlib/MSP430FR5xx_6xx/eusci_b_i2c.c", line 541: remark #1527-D: (ULP 2.1) Detected SW delay loop using empty loop. Recommend using a timer module instead
"../driverlib/MSP430FR5xx_6xx/eusci_b_i2c.c", line 577: remark #1528-D: (ULP 3.1) Detected flag polling using UCRXIFG. Recommend using an interrupt combined with enter LPMx and ISR
"../driverlib/MSP430FR5xx_6xx/eusci_b_i2c.c", line 565: remark #1527-D: (ULP 2.1) Detected SW delay loop using empty loop. Recommend using a timer module instead
"../driverlib/MSP430FR5xx_6xx/eusci_b_i2c.c", line 618: remark #1528-D: (ULP 3.1) Detected flag polling using UCRXIFG0. Recommend using an interrupt combined with enter LPMx and ISR
Finished building: "../driverlib/MSP430FR5xx_6xx/eusci_b_i2c.c"
 
Building file: "../driverlib/MSP430FR5xx_6xx/gpio.c"
Invoking: MSP430 Compiler
"C:/ti/ccs1040/ccs/tools/compiler/ti-cgt-msp430_20.2.5.LTS/bin/cl430" -vmspx --data_model=restricted --use_hw_mpy=F5 --include_path="C:/ti/ccs1040/ccs/ccs_base/msp430/include" --include_path="C:/Users/User/Documents/UCF/Summer 2021/SD1/SD Repo/SmartWaterBottleProject/PWM Servomotor Demo" --include_path="C:/ti/ccs1040/ccs/tools/compiler/ti-cgt-msp430_20.2.5.LTS/include" --advice:power=all --advice:hw_config=all --define=__MSP430FR6989__ --define=_MPU_ENABLE -g --printf_support=minimal --diag_warning=225 --diag_wrap=off --display_error_number --silicon_errata=CPU21 --silicon_errata=CPU22 --silicon_errata=CPU40 --preproc_with_compile --preproc_dependency="driverlib/MSP430FR5xx_6xx/gpio.d_raw" --obj_directory="driverlib/MSP430FR5xx_6xx"  "../driverlib/MSP430FR5xx_6xx/gpio.c"
Finished building: "../driverlib/MSP430FR5xx_6xx/gpio.c"
 
Building file: "../driverlib/MSP430FR5xx_6xx/mpu.c"
Invoking: MSP430 Compiler
"C:/ti/ccs1040/ccs/tools/compiler/ti-cgt-msp430_20.2.5.LTS/bin/cl430" -vmspx --data_model=restricted --use_hw_mpy=F5 --include_path="C:/ti/ccs1040/ccs/ccs_base/msp430/include" --include_path="C:/Users/User/Documents/UCF/Summer 2021/SD1/SD Repo/SmartWaterBottleProject/PWM Servomotor Demo" --include_path="C:/ti/ccs1040/ccs/tools/compiler/ti-cgt-msp430_20.2.5.LTS/include" --advice:power=all --advice:hw_config=all --define=__MSP430FR6989__ --define=_MPU_ENABLE -g --printf_support=minimal --diag_warning=225 --diag_wrap=off --display_error_number --silicon_errata=CPU21 --silicon_errata=CPU22 --silicon_errata=CPU40 --preproc_with_compile --preproc_dependency="driverlib/MSP430FR5xx_6xx/mpu.d_raw" --obj_directory="driverlib/MSP430FR5xx_6xx"  "../driverlib/MSP430FR5xx_6xx/mpu.c"
Finished building: "../driverlib/MSP430FR5xx_6xx/mpu.c"
 
Building file: "../driverlib/MSP430FR5xx_6xx/lcd_c.c"
Invoking: MSP430 Compiler
"C:/ti/ccs1040/ccs/tools/compiler/ti-cgt-msp430_20.2.5.LTS/bin/cl430" -vmspx --data_model=restricted --use_hw_mpy=F5 --include_path="C:/ti/ccs1040/ccs/ccs_base/msp430/include" --include_path="C:/Users/User/Documents/UCF/Summer 2021/SD1/SD Repo/SmartWaterBottleProject/PWM Servomotor Demo" --include_path="C:/ti/ccs1040/ccs/tools/compiler/ti-cgt-msp430_20.2.5.LTS/include" --advice:power=all --advice:hw_config=all --define=__MSP430FR6989__ --define=_MPU_ENABLE -g --printf_support=minimal --diag_warning=225 --diag_wrap=off --display_error_number --silicon_errata=CPU21 --silicon_errata=CPU22 --silicon_errata=CPU40 --preproc_with_compile --preproc_dependency="driverlib/MSP430FR5xx_6xx/lcd_c.d_raw" --obj_directory="driverlib/MSP430FR5xx_6xx"  "../driverlib/MSP430FR5xx_6xx/lcd_c.c"
Finished building: "../driverlib/MSP430FR5xx_6xx/lcd_c.c"
 
Building file: "../driverlib/MSP430FR5xx_6xx/mpy32.c"
Invoking: MSP430 Compiler
"C:/ti/ccs1040/ccs/tools/compiler/ti-cgt-msp430_20.2.5.LTS/bin/cl430" -vmspx --data_model=restricted --use_hw_mpy=F5 --include_path="C:/ti/ccs1040/ccs/ccs_base/msp430/include" --include_path="C:/Users/User/Documents/UCF/Summer 2021/SD1/SD Repo/SmartWaterBottleProject/PWM Servomotor Demo" --include_path="C:/ti/ccs1040/ccs/tools/compiler/ti-cgt-msp430_20.2.5.LTS/include" --advice:power=all --advice:hw_config=all --define=__MSP430FR6989__ --define=_MPU_ENABLE -g --printf_support=minimal --diag_warning=225 --diag_wrap=off --display_error_number --silicon_errata=CPU21 --silicon_errata=CPU22 --silicon_errata=CPU40 --preproc_with_compile --preproc_dependency="driverlib/MSP430FR5xx_6xx/mpy32.d_raw" --obj_directory="driverlib/MSP430FR5xx_6xx"  "../driverlib/MSP430FR5xx_6xx/mpy32.c"
"../driverlib/MSP430FR5xx_6xx/lcd_c.c", line 308: remark #1530-D: (ULP 5.1) Detected divide operation(s). Recommend moving them to RAM during run time or not using as these are processing/power intensive
"../driverlib/MSP430FR5xx_6xx/lcd_c.c", line 309: remark #1530-D: (ULP 5.1) Detected divide operation(s). Recommend moving them to RAM during run time or not using as these are processing/power intensive
"../driverlib/MSP430FR5xx_6xx/lcd_c.c", line 313: remark #1530-D: (ULP 5.1) Detected divide operation(s). Recommend moving them to RAM during run time or not using as these are processing/power intensive
"../driverlib/MSP430FR5xx_6xx/lcd_c.c", line 314: remark #1530-D: (ULP 5.1) Detected divide operation(s). Recommend moving them to RAM during run time or not using as these are processing/power intensive
"../driverlib/MSP430FR5xx_6xx/lcd_c.c", line 336: remark #1530-D: (ULP 5.1) Detected divide operation(s). Recommend moving them to RAM during run time or not using as these are processing/power intensive
"../driverlib/MSP430FR5xx_6xx/lcd_c.c", line 337: remark #1530-D: (ULP 5.1) Detected divide operation(s). Recommend moving them to RAM during run time or not using as these are processing/power intensive
"../driverlib/MSP430FR5xx_6xx/lcd_c.c", line 341: remark #1530-D: (ULP 5.1) Detected divide operation(s). Recommend moving them to RAM during run time or not using as these are processing/power intensive
"../driverlib/MSP430FR5xx_6xx/lcd_c.c", line 342: remark #1530-D: (ULP 5.1) Detected divide operation(s). Recommend moving them to RAM during run time or not using as these are processing/power intensive
Finished building: "../driverlib/MSP430FR5xx_6xx/mpy32.c"
 
Building file: "../driverlib/MSP430FR5xx_6xx/pmm.c"
Invoking: MSP430 Compiler
"C:/ti/ccs1040/ccs/tools/compiler/ti-cgt-msp430_20.2.5.LTS/bin/cl430" -vmspx --data_model=restricted --use_hw_mpy=F5 --include_path="C:/ti/ccs1040/ccs/ccs_base/msp430/include" --include_path="C:/Users/User/Documents/UCF/Summer 2021/SD1/SD Repo/SmartWaterBottleProject/PWM Servomotor Demo" --include_path="C:/ti/ccs1040/ccs/tools/compiler/ti-cgt-msp430_20.2.5.LTS/include" --advice:power=all --advice:hw_config=all --define=__MSP430FR6989__ --define=_MPU_ENABLE -g --printf_support=minimal --diag_warning=225 --diag_wrap=off --display_error_number --silicon_errata=CPU21 --silicon_errata=CPU22 --silicon_errata=CPU40 --preproc_with_compile --preproc_dependency="driverlib/MSP430FR5xx_6xx/pmm.d_raw" --obj_directory="driverlib/MSP430FR5xx_6xx"  "../driverlib/MSP430FR5xx_6xx/pmm.c"
Finished building: "../driverlib/MSP430FR5xx_6xx/pmm.c"
 
Building file: "../driverlib/MSP430FR5xx_6xx/ram.c"
Invoking: MSP430 Compiler
"C:/ti/ccs1040/ccs/tools/compiler/ti-cgt-msp430_20.2.5.LTS/bin/cl430" -vmspx --data_model=restricted --use_hw_mpy=F5 --include_path="C:/ti/ccs1040/ccs/ccs_base/msp430/include" --include_path="C:/Users/User/Documents/UCF/Summer 2021/SD1/SD Repo/SmartWaterBottleProject/PWM Servomotor Demo" --include_path="C:/ti/ccs1040/ccs/tools/compiler/ti-cgt-msp430_20.2.5.LTS/include" --advice:power=all --advice:hw_config=all --define=__MSP430FR6989__ --define=_MPU_ENABLE -g --printf_support=minimal --diag_warning=225 --diag_wrap=off --display_error_number --silicon_errata=CPU21 --silicon_errata=CPU22 --silicon_errata=CPU40 --preproc_with_compile --preproc_dependency="driverlib/MSP430FR5xx_6xx/ram.d_raw" --obj_directory="driverlib/MSP430FR5xx_6xx"  "../driverlib/MSP430FR5xx_6xx/ram.c"
Finished building: "../driverlib/MSP430FR5xx_6xx/ram.c"
 
Building file: "../driverlib/MSP430FR5xx_6xx/ref_a.c"
Invoking: MSP430 Compiler
"C:/ti/ccs1040/ccs/tools/compiler/ti-cgt-msp430_20.2.5.LTS/bin/cl430" -vmspx --data_model=restricted --use_hw_mpy=F5 --include_path="C:/ti/ccs1040/ccs/ccs_base/msp430/include" --include_path="C:/Users/User/Documents/UCF/Summer 2021/SD1/SD Repo/SmartWaterBottleProject/PWM Servomotor Demo" --include_path="C:/ti/ccs1040/ccs/tools/compiler/ti-cgt-msp430_20.2.5.LTS/include" --advice:power=all --advice:hw_config=all --define=__MSP430FR6989__ --define=_MPU_ENABLE -g --printf_support=minimal --diag_warning=225 --diag_wrap=off --display_error_number --silicon_errata=CPU21 --silicon_errata=CPU22 --silicon_errata=CPU40 --preproc_with_compile --preproc_dependency="driverlib/MSP430FR5xx_6xx/ref_a.d_raw" --obj_directory="driverlib/MSP430FR5xx_6xx"  "../driverlib/MSP430FR5xx_6xx/ref_a.c"
Finished building: "../driverlib/MSP430FR5xx_6xx/ref_a.c"
 
Building file: "../driverlib/MSP430FR5xx_6xx/rtc_b.c"
Invoking: MSP430 Compiler
"C:/ti/ccs1040/ccs/tools/compiler/ti-cgt-msp430_20.2.5.LTS/bin/cl430" -vmspx --data_model=restricted --use_hw_mpy=F5 --include_path="C:/ti/ccs1040/ccs/ccs_base/msp430/include" --include_path="C:/Users/User/Documents/UCF/Summer 2021/SD1/SD Repo/SmartWaterBottleProject/PWM Servomotor Demo" --include_path="C:/ti/ccs1040/ccs/tools/compiler/ti-cgt-msp430_20.2.5.LTS/include" --advice:power=all --advice:hw_config=all --define=__MSP430FR6989__ --define=_MPU_ENABLE -g --printf_support=minimal --diag_warning=225 --diag_wrap=off --display_error_number --silicon_errata=CPU21 --silicon_errata=CPU22 --silicon_errata=CPU40 --preproc_with_compile --preproc_dependency="driverlib/MSP430FR5xx_6xx/rtc_b.d_raw" --obj_directory="driverlib/MSP430FR5xx_6xx"  "../driverlib/MSP430FR5xx_6xx/rtc_b.c"
Finished building: "../driverlib/MSP430FR5xx_6xx/rtc_b.c"
 
Building file: "../driverlib/MSP430FR5xx_6xx/sfr.c"
Invoking: MSP430 Compiler
"C:/ti/ccs1040/ccs/tools/compiler/ti-cgt-msp430_20.2.5.LTS/bin/cl430" -vmspx --data_model=restricted --use_hw_mpy=F5 --include_path="C:/ti/ccs1040/ccs/ccs_base/msp430/include" --include_path="C:/Users/User/Documents/UCF/Summer 2021/SD1/SD Repo/SmartWaterBottleProject/PWM Servomotor Demo" --include_path="C:/ti/ccs1040/ccs/tools/compiler/ti-cgt-msp430_20.2.5.LTS/include" --advice:power=all --advice:hw_config=all --define=__MSP430FR6989__ --define=_MPU_ENABLE -g --printf_support=minimal --diag_warning=225 --diag_wrap=off --display_error_number --silicon_errata=CPU21 --silicon_errata=CPU22 --silicon_errata=CPU40 --preproc_with_compile --preproc_dependency="driverlib/MSP430FR5xx_6xx/sfr.d_raw" --obj_directory="driverlib/MSP430FR5xx_6xx"  "../driverlib/MSP430FR5xx_6xx/sfr.c"
Finished building: "../driverlib/MSP430FR5xx_6xx/sfr.c"
 
Building file: "../driverlib/MSP430FR5xx_6xx/sysctl.c"
Invoking: MSP430 Compiler
"C:/ti/ccs1040/ccs/tools/compiler/ti-cgt-msp430_20.2.5.LTS/bin/cl430" -vmspx --data_model=restricted --use_hw_mpy=F5 --include_path="C:/ti/ccs1040/ccs/ccs_base/msp430/include" --include_path="C:/Users/User/Documents/UCF/Summer 2021/SD1/SD Repo/SmartWaterBottleProject/PWM Servomotor Demo" --include_path="C:/ti/ccs1040/ccs/tools/compiler/ti-cgt-msp430_20.2.5.LTS/include" --advice:power=all --advice:hw_config=all --define=__MSP430FR6989__ --define=_MPU_ENABLE -g --printf_support=minimal --diag_warning=225 --diag_wrap=off --display_error_number --silicon_errata=CPU21 --silicon_errata=CPU22 --silicon_errata=CPU40 --preproc_with_compile --preproc_dependency="driverlib/MSP430FR5xx_6xx/sysctl.d_raw" --obj_directory="driverlib/MSP430FR5xx_6xx"  "../driverlib/MSP430FR5xx_6xx/sysctl.c"
Finished building: "../driverlib/MSP430FR5xx_6xx/sysctl.c"
 
Building file: "../driverlib/MSP430FR5xx_6xx/rtc_c.c"
Invoking: MSP430 Compiler
"C:/ti/ccs1040/ccs/tools/compiler/ti-cgt-msp430_20.2.5.LTS/bin/cl430" -vmspx --data_model=restricted --use_hw_mpy=F5 --include_path="C:/ti/ccs1040/ccs/ccs_base/msp430/include" --include_path="C:/Users/User/Documents/UCF/Summer 2021/SD1/SD Repo/SmartWaterBottleProject/PWM Servomotor Demo" --include_path="C:/ti/ccs1040/ccs/tools/compiler/ti-cgt-msp430_20.2.5.LTS/include" --advice:power=all --advice:hw_config=all --define=__MSP430FR6989__ --define=_MPU_ENABLE -g --printf_support=minimal --diag_warning=225 --diag_wrap=off --display_error_number --silicon_errata=CPU21 --silicon_errata=CPU22 --silicon_errata=CPU40 --preproc_with_compile --preproc_dependency="driverlib/MSP430FR5xx_6xx/rtc_c.d_raw" --obj_directory="driverlib/MSP430FR5xx_6xx"  "../driverlib/MSP430FR5xx_6xx/rtc_c.c"
"../driverlib/MSP430FR5xx_6xx/rtc_c.c", line 100: remark #1527-D: (ULP 2.1) Detected SW delay loop using empty loop. Recommend using a timer module instead
"../driverlib/MSP430FR5xx_6xx/rtc_c.c", line 143: remark #1527-D: (ULP 2.1) Detected SW delay loop using empty loop. Recommend using a timer module instead
"../driverlib/MSP430FR5xx_6xx/rtc_c.c", line 149: remark #1546-D: (ULP 15.1) Detected consecutive bitfield assigns. Recommend using bit mask instead
"../driverlib/MSP430FR5xx_6xx/rtc_c.c", line 150: remark #1546-D: (ULP 15.1) Detected consecutive bitfield assigns. Recommend using bit mask instead
"../driverlib/MSP430FR5xx_6xx/rtc_c.c", line 151: remark #1546-D: (ULP 15.1) Detected consecutive bitfield assigns. Recommend using bit mask instead
"../driverlib/MSP430FR5xx_6xx/rtc_c.c", line 152: remark #1546-D: (ULP 15.1) Detected consecutive bitfield assigns. Recommend using bit mask instead
"../driverlib/MSP430FR5xx_6xx/rtc_c.c", line 153: remark #1546-D: (ULP 15.1) Detected consecutive bitfield assigns. Recommend using bit mask instead
"../driverlib/MSP430FR5xx_6xx/rtc_c.c", line 154: remark #1546-D: (ULP 15.1) Detected consecutive bitfield assigns. Recommend using bit mask instead
Finished building: "../driverlib/MSP430FR5xx_6xx/rtc_c.c"
 
Building file: "../driverlib/MSP430FR5xx_6xx/timer_a.c"
Invoking: MSP430 Compiler
"C:/ti/ccs1040/ccs/tools/compiler/ti-cgt-msp430_20.2.5.LTS/bin/cl430" -vmspx --data_model=restricted --use_hw_mpy=F5 --include_path="C:/ti/ccs1040/ccs/ccs_base/msp430/include" --include_path="C:/Users/User/Documents/UCF/Summer 2021/SD1/SD Repo/SmartWaterBottleProject/PWM Servomotor Demo" --include_path="C:/ti/ccs1040/ccs/tools/compiler/ti-cgt-msp430_20.2.5.LTS/include" --advice:power=all --advice:hw_config=all --define=__MSP430FR6989__ --define=_MPU_ENABLE -g --printf_support=minimal --diag_warning=225 --diag_wrap=off --display_error_number --silicon_errata=CPU21 --silicon_errata=CPU22 --silicon_errata=CPU40 --preproc_with_compile --preproc_dependency="driverlib/MSP430FR5xx_6xx/timer_a.d_raw" --obj_directory="driverlib/MSP430FR5xx_6xx"  "../driverlib/MSP430FR5xx_6xx/timer_a.c"
Finished building: "../driverlib/MSP430FR5xx_6xx/timer_a.c"
 
Building file: "../driverlib/MSP430FR5xx_6xx/tlv.c"
Invoking: MSP430 Compiler
"C:/ti/ccs1040/ccs/tools/compiler/ti-cgt-msp430_20.2.5.LTS/bin/cl430" -vmspx --data_model=restricted --use_hw_mpy=F5 --include_path="C:/ti/ccs1040/ccs/ccs_base/msp430/include" --include_path="C:/Users/User/Documents/UCF/Summer 2021/SD1/SD Repo/SmartWaterBottleProject/PWM Servomotor Demo" --include_path="C:/ti/ccs1040/ccs/tools/compiler/ti-cgt-msp430_20.2.5.LTS/include" --advice:power=all --advice:hw_config=all --define=__MSP430FR6989__ --define=_MPU_ENABLE -g --printf_support=minimal --diag_warning=225 --diag_wrap=off --display_error_number --silicon_errata=CPU21 --silicon_errata=CPU22 --silicon_errata=CPU40 --preproc_with_compile --preproc_dependency="driverlib/MSP430FR5xx_6xx/tlv.d_raw" --obj_directory="driverlib/MSP430FR5xx_6xx"  "../driverlib/MSP430FR5xx_6xx/tlv.c"
Finished building: "../driverlib/MSP430FR5xx_6xx/tlv.c"
 
Building file: "../driverlib/MSP430FR5xx_6xx/timer_b.c"
Invoking: MSP430 Compiler
"C:/ti/ccs1040/ccs/tools/compiler/ti-cgt-msp430_20.2.5.LTS/bin/cl430" -vmspx --data_model=restricted --use_hw_mpy=F5 --include_path="C:/ti/ccs1040/ccs/ccs_base/msp430/include" --include_path="C:/Users/User/Documents/UCF/Summer 2021/SD1/SD Repo/SmartWaterBottleProject/PWM Servomotor Demo" --include_path="C:/ti/ccs1040/ccs/tools/compiler/ti-cgt-msp430_20.2.5.LTS/include" --advice:power=all --advice:hw_config=all --define=__MSP430FR6989__ --define=_MPU_ENABLE -g --printf_support=minimal --diag_warning=225 --diag_wrap=off --display_error_number --silicon_errata=CPU21 --silicon_errata=CPU22 --silicon_errata=CPU40 --preproc_with_compile --preproc_dependency="driverlib/MSP430FR5xx_6xx/timer_b.d_raw" --obj_directory="driverlib/MSP430FR5xx_6xx"  "../driverlib/MSP430FR5xx_6xx/timer_b.c"
Finished building: "../driverlib/MSP430FR5xx_6xx/timer_b.c"
 
Building file: "../driverlib/MSP430FR5xx_6xx/wdt_a.c"
Invoking: MSP430 Compiler
"C:/ti/ccs1040/ccs/tools/compiler/ti-cgt-msp430_20.2.5.LTS/bin/cl430" -vmspx --data_model=restricted --use_hw_mpy=F5 --include_path="C:/ti/ccs1040/ccs/ccs_base/msp430/include" --include_path="C:/Users/User/Documents/UCF/Summer 2021/SD1/SD Repo/SmartWaterBottleProject/PWM Servomotor Demo" --include_path="C:/ti/ccs1040/ccs/tools/compiler/ti-cgt-msp430_20.2.5.LTS/include" --advice:power=all --advice:hw_config=all --define=__MSP430FR6989__ --define=_MPU_ENABLE -g --printf_support=minimal --diag_warning=225 --diag_wrap=off --display_error_number --silicon_errata=CPU21 --silicon_errata=CPU22 --silicon_errata=CPU40 --preproc_with_compile --preproc_dependency="driverlib/MSP430FR5xx_6xx/wdt_a.d_raw" --obj_directory="driverlib/MSP430FR5xx_6xx"  "../driverlib/MSP430FR5xx_6xx/wdt_a.c"
Finished building: "../driverlib/MSP430FR5xx_6xx/wdt_a.c"
 
gmake: Target 'all' not remade because of errors.

**** Build Finished ****

**** Build of configuration Debug for project PWM Servomotor Demo ****

"C:\\ti\\ccs1040\\ccs\\utils\\bin\\gmake" -k -j 4 all -O 
 
Building file: "../main.c"
Invoking: MSP430 Compiler
"C:/ti/ccs1040/ccs/tools/compiler/ti-cgt-msp430_20.2.5.LTS/bin/cl430" -vmspx --data_model=restricted --use_hw_mpy=F5 --include_path="C:/ti/ccs1040/ccs/ccs_base/msp430/include" --include_path="C:/Users/User/Documents/UCF/Summer 2021/SD1/SD Repo/SmartWaterBottleProject/PWM Servomotor Demo" --include_path="C:/ti/ccs1040/ccs/tools/compiler/ti-cgt-msp430_20.2.5.LTS/include" --advice:power=all --advice:hw_config=all --define=__MSP430FR6989__ --define=_MPU_ENABLE -g --printf_support=minimal --diag_warning=225 --diag_wrap=off --display_error_number --silicon_errata=CPU21 --silicon_errata=CPU22 --silicon_errata=CPU40 --preproc_with_compile --preproc_dependency="main.d_raw"  "../main.c"
 
>> Compilation failure
subdir_rules.mk:9: recipe for target 'main.obj' failed
"../main.c", line 28: error #138: expression must be a modifiable lvalue
"../main.c", line 32: error #20: identifier "SanitizeButton" is undefined
"../main.c", line 32: error #20: identifier "WaterQualityButton" is undefined
"../main.c", line 51: error #20: identifier "SanitizeButton" is undefined
"../main.c", line 56: error #20: identifier "WaterQualityButton" is undefined
5 errors detected in the compilation of "../main.c".
gmake: *** [main.obj] Error 1
gmake: Target 'all' not remade because of errors.

**** Build Finished ****

**** Build of configuration Debug for project PWM Servomotor Demo ****

"C:\\ti\\ccs1040\\ccs\\utils\\bin\\gmake" -k -j 4 all -O 
 
Building file: "../main.c"
Invoking: MSP430 Compiler
"C:/ti/ccs1040/ccs/tools/compiler/ti-cgt-msp430_20.2.5.LTS/bin/cl430" -vmspx --data_model=restricted --use_hw_mpy=F5 --include_path="C:/ti/ccs1040/ccs/ccs_base/msp430/include" --include_path="C:/Users/User/Documents/UCF/Summer 2021/SD1/SD Repo/SmartWaterBottleProject/PWM Servomotor Demo" --include_path="C:/ti/ccs1040/ccs/tools/compiler/ti-cgt-msp430_20.2.5.LTS/include" --advice:power=all --advice:hw_config=all --define=__MSP430FR6989__ --define=_MPU_ENABLE -g --printf_support=minimal --diag_warning=225 --diag_wrap=off --display_error_number --silicon_errata=CPU21 --silicon_errata=CPU22 --silicon_errata=CPU40 --preproc_with_compile --preproc_dependency="main.d_raw"  "../main.c"
 
>> Compilation failure
subdir_rules.mk:9: recipe for target 'main.obj' failed
"../main.c", line 28: error #138: expression must be a modifiable lvalue
1 error detected in the compilation of "../main.c".
gmake: *** [main.obj] Error 1
gmake: Target 'all' not remade because of errors.

**** Build Finished ****

**** Build of configuration Debug for project PWM Servomotor Demo ****

"C:\\ti\\ccs1040\\ccs\\utils\\bin\\gmake" -k -j 4 all -O 
 
Building file: "../main.c"
Invoking: MSP430 Compiler
"C:/ti/ccs1040/ccs/tools/compiler/ti-cgt-msp430_20.2.5.LTS/bin/cl430" -vmspx --data_model=restricted --use_hw_mpy=F5 --include_path="C:/ti/ccs1040/ccs/ccs_base/msp430/include" --include_path="C:/Users/User/Documents/UCF/Summer 2021/SD1/SD Repo/SmartWaterBottleProject/PWM Servomotor Demo" --include_path="C:/ti/ccs1040/ccs/tools/compiler/ti-cgt-msp430_20.2.5.LTS/include" --advice:power=all --advice:hw_config=all --define=__MSP430FR6989__ --define=_MPU_ENABLE -g --printf_support=minimal --diag_warning=225 --diag_wrap=off --display_error_number --silicon_errata=CPU21 --silicon_errata=CPU22 --silicon_errata=CPU40 --preproc_with_compile --preproc_dependency="main.d_raw"  "../main.c"
Finished building: "../main.c"
 
Building target: "PWM Servomotor Demo.out"
Invoking: MSP430 Linker
"C:/ti/ccs1040/ccs/tools/compiler/ti-cgt-msp430_20.2.5.LTS/bin/cl430" -vmspx --data_model=restricted --use_hw_mpy=F5 --advice:power=all --advice:hw_config=all --define=__MSP430FR6989__ --define=_MPU_ENABLE -g --printf_support=minimal --diag_warning=225 --diag_wrap=off --display_error_number --silicon_errata=CPU21 --silicon_errata=CPU22 --silicon_errata=CPU40 -z -m"PWM Servomotor Demo.map" --heap_size=160 --stack_size=160 --cinit_hold_wdt=on -i"C:/ti/ccs1040/ccs/ccs_base/msp430/include" -i"C:/ti/ccs1040/ccs/ccs_base/msp430/lib/5xx_6xx_FRxx" -i"C:/ti/ccs1040/ccs/ccs_base/msp430/lib/FR59xx" -i"C:/ti/ccs1040/ccs/tools/compiler/ti-cgt-msp430_20.2.5.LTS/lib" -i"C:/ti/ccs1040/ccs/tools/compiler/ti-cgt-msp430_20.2.5.LTS/include" --priority --reread_libs --define=_MPU_ENABLE --diag_wrap=off --display_error_number --warn_sections --xml_link_info="PWM Servomotor Demo_linkInfo.xml" --use_hw_mpy=F5 --rom_model -o "PWM Servomotor Demo.out" "./main.obj" "./driverlib/MSP430FR5xx_6xx/adc12_b.obj" "./driverlib/MSP430FR5xx_6xx/aes256.obj" "./driverlib/MSP430FR5xx_6xx/comp_e.obj" "./driverlib/MSP430FR5xx_6xx/crc.obj" "./driverlib/MSP430FR5xx_6xx/crc32.obj" "./driverlib/MSP430FR5xx_6xx/cs.obj" "./driverlib/MSP430FR5xx_6xx/dma.obj" "./driverlib/MSP430FR5xx_6xx/esi.obj" "./driverlib/MSP430FR5xx_6xx/eusci_a_spi.obj" "./driverlib/MSP430FR5xx_6xx/eusci_a_uart.obj" "./driverlib/MSP430FR5xx_6xx/eusci_b_i2c.obj" "./driverlib/MSP430FR5xx_6xx/eusci_b_spi.obj" "./driverlib/MSP430FR5xx_6xx/framctl.obj" "./driverlib/MSP430FR5xx_6xx/gpio.obj" "./driverlib/MSP430FR5xx_6xx/lcd_c.obj" "./driverlib/MSP430FR5xx_6xx/mpu.obj" "./driverlib/MSP430FR5xx_6xx/mpy32.obj" "./driverlib/MSP430FR5xx_6xx/pmm.obj" "./driverlib/MSP430FR5xx_6xx/ram.obj" "./driverlib/MSP430FR5xx_6xx/ref_a.obj" "./driverlib/MSP430FR5xx_6xx/rtc_b.obj" "./driverlib/MSP430FR5xx_6xx/rtc_c.obj" "./driverlib/MSP430FR5xx_6xx/sfr.obj" "./driverlib/MSP430FR5xx_6xx/sysctl.obj" "./driverlib/MSP430FR5xx_6xx/timer_a.obj" "./driverlib/MSP430FR5xx_6xx/timer_b.obj" "./driverlib/MSP430FR5xx_6xx/tlv.obj" "./driverlib/MSP430FR5xx_6xx/wdt_a.obj" "../lnk_msp430fr6989.cmd"  -llibmpu_init.a -llibmath.a -llibc.a 
<Linking>
remark #10372-D: (ULP 4.1) Detected uninitialized Port A in this project. Recommend initializing all unused ports to eliminate wasted current consumption on unused pins.
remark #10372-D: (ULP 4.1) Detected uninitialized Port B in this project. Recommend initializing all unused ports to eliminate wasted current consumption on unused pins.
remark #10372-D: (ULP 4.1) Detected uninitialized Port C in this project. Recommend initializing all unused ports to eliminate wasted current consumption on unused pins.
remark #10372-D: (ULP 4.1) Detected uninitialized Port D in this project. Recommend initializing all unused ports to eliminate wasted current consumption on unused pins.
remark #10372-D: (ULP 4.1) Detected uninitialized Port E in this project. Recommend initializing all unused ports to eliminate wasted current consumption on unused pins.
Finished building target: "PWM Servomotor Demo.out"
 

**** Build Finished ****
